<?xml version="1.0" encoding="UTF-8"?>
<testng-results ignored="0" total="1" passed="1" failed="0" skipped="0">
  <reporter-output>
  </reporter-output>
  <suite started-at="2024-08-24T23:06:13 BDT" name="Default suite" finished-at="2024-08-24T23:06:22 BDT" duration-ms="9034">
    <groups>
    </groups>
    <test started-at="2024-08-24T23:06:13 BDT" name="Default test" finished-at="2024-08-24T23:06:22 BDT" duration-ms="9034">
      <class name="Test.Test3">
        <test-method is-config="true" signature="setBrowser()[pri:0, instance:Test.Test3@3857f613]" started-at="2024-08-24T23:06:13 BDT" name="setBrowser" finished-at="2024-08-24T23:06:14 BDT" duration-ms="1005" status="PASS">
          <reporter-output>
          </reporter-output>
        </test-method> <!-- setBrowser -->
        <test-method signature="VerifyModel()[pri:0, instance:Test.Test3@3857f613]" started-at="2024-08-24T23:06:14 BDT" name="VerifyModel" finished-at="2024-08-24T23:06:21 BDT" duration-ms="7929" status="PASS">
          <reporter-output>
          </reporter-output>
        </test-method> <!-- VerifyModel -->
        <test-method is-config="true" signature="quitBrowser()[pri:0, instance:Test.Test3@3857f613]" started-at="2024-08-24T23:06:21 BDT" name="quitBrowser" finished-at="2024-08-24T23:06:22 BDT" duration-ms="79" status="PASS">
          <reporter-output>
          </reporter-output>
        </test-method> <!-- quitBrowser -->
      </class> <!-- Test.Test3 -->
    </test> <!-- Default test -->
  </suite> <!-- Default suite -->
</testng-results>
